<?xml version="1.0" encoding="UTF-8"?>
<testsuite xmlns:xsi="http://www.w3.org/2001/XMLSchema-instance" xsi:noNamespaceSchemaLocation="https://maven.apache.org/surefire/maven-surefire-plugin/xsd/surefire-test-report-3.0.xsd" version="3.0" name="MyServiceVerificationTest" time="0.025" tests="7" errors="0" skipped="0" failures="0">
  <properties>
[...]
</properties>
  <testcase name="testVerifyNoMoreInteractions" classname="MyServiceVerificationTest" time="0.006"/>
  <testcase name="testVerifyMethodCalledMultipleTimes" classname="MyServiceVerificationTest" time="0.003"/>
  <testcase name="testVerifyAtMost" classname="MyServiceVerificationTest" time="0.003"/>
  <testcase name="testVerifyMethodNeverCalled" classname="MyServiceVerificationTest" time="0.001"/>
  <testcase name="testVerifyNoInteractions" classname="MyServiceVerificationTest" time="0.002"/>
  <testcase name="testVerifyMethodCalled" classname="MyServiceVerificationTest" time="0.002"/>
  <testcase name="testVerifyAtLeastOnce" classname="MyServiceVerificationTest" time="0.003"/>
</testsuite>